<?xml version="1.0" encoding="UTF-8"?>
<testng-results skipped="0" failed="2" total="4" passed="2">
  <reporter-output>
    <line>
      <![CDATA[Application is loaded]]>
    </line>
    <line>
      <![CDATA[User is logged in successfully]]>
    </line>
    <line>
      <![CDATA[Title of login page is:guru99 bank]]>
    </line>
    <line>
      <![CDATA[User is logged in successfully and the login page is also verified]]>
    </line>
    <line>
      <![CDATA[Application is logged out]]>
    </line>
    <line>
      <![CDATA[Application is loaded]]>
    </line>
    <line>
      <![CDATA[User is logged in successfully]]>
    </line>
    <line>
      <![CDATA[Welcome text is:Welcome To Manager's Page of Guru99 Bank]]>
    </line>
    <line>
      <![CDATA[Application is logged out]]>
    </line>
    <line>
      <![CDATA[Application is loaded]]>
    </line>
    <line>
      <![CDATA[User is logged in successfully]]>
    </line>
    <line>
      <![CDATA[Application is logged out]]>
    </line>
    <line>
      <![CDATA[Application is loaded]]>
    </line>
    <line>
      <![CDATA[User is logged in successfully]]>
    </line>
    <line>
      <![CDATA[User is navigated to New Customer Page successfully]]>
    </line>
    <line>
      <![CDATA[User is navigated to Edit Customer Page successfully]]>
    </line>
    <line>
      <![CDATA[User is navigated to Delete Customer Page successfully]]>
    </line>
    <line>
      <![CDATA[User is navigated to New Account Page successfully]]>
    </line>
    <line>
      <![CDATA[User is navigated to Edit Account Page successfully]]>
    </line>
    <line>
      <![CDATA[User is navigated to Delete Account Page successfully]]>
    </line>
    <line>
      <![CDATA[User is navigated to Deposit Page successfully]]>
    </line>
    <line>
      <![CDATA[User is navigated to Withdrawal Page successfully]]>
    </line>
    <line>
      <![CDATA[User is navigated to Fund Transfer Page successfully]]>
    </line>
    <line>
      <![CDATA[User is navigated to Change password Page successfully]]>
    </line>
    <line>
      <![CDATA[User is navigated Balance Enqiry Page successfully]]>
    </line>
    <line>
      <![CDATA[User is navigated to Mini Statement Page successfully]]>
    </line>
    <line>
      <![CDATA[User is navigated to Customised Statement Page successfully]]>
    </line>
    <line>
      <![CDATA[Application is logged out]]>
    </line>
  </reporter-output>
  <suite name="Suite" duration-ms="126343" started-at="2015-11-29T18:50:44Z" finished-at="2015-11-29T18:52:50Z">
    <groups>
    </groups>
    <test name="Test" duration-ms="126343" started-at="2015-11-29T18:50:44Z" finished-at="2015-11-29T18:52:50Z">
      <class name="Guru99Pack.Test_HomePage">
        <test-method status="PASS" signature="precondition()[pri:0, instance:Guru99Pack.Test_HomePage@1cfd41a]" name="precondition" is-config="true" duration-ms="21391" started-at="2015-11-30T00:21:13Z" finished-at="2015-11-30T00:21:34Z">
          <reporter-output>
            <line>
              <![CDATA[Application is loaded]]>
            </line>
            <line>
              <![CDATA[User is logged in successfully]]>
            </line>
          </reporter-output>
        </test-method> <!-- precondition -->
        <test-method status="PASS" signature="test_HomePage_VerifyWelcomeText()[pri:1, instance:Guru99Pack.Test_HomePage@1cfd41a]" name="test_HomePage_VerifyWelcomeText" duration-ms="1078" started-at="2015-11-30T00:21:34Z" finished-at="2015-11-30T00:21:35Z">
          <reporter-output>
            <line>
              <![CDATA[Welcome text is:Welcome To Manager's Page of Guru99 Bank]]>
            </line>
          </reporter-output>
        </test-method> <!-- test_HomePage_VerifyWelcomeText -->
        <test-method status="PASS" signature="postcondition()[pri:0, instance:Guru99Pack.Test_HomePage@1cfd41a]" name="postcondition" is-config="true" duration-ms="891" started-at="2015-11-30T00:21:35Z" finished-at="2015-11-30T00:21:36Z">
          <reporter-output>
            <line>
              <![CDATA[Application is logged out]]>
            </line>
          </reporter-output>
        </test-method> <!-- postcondition -->
        <test-method status="PASS" signature="precondition()[pri:0, instance:Guru99Pack.Test_HomePage@1cfd41a]" name="precondition" is-config="true" duration-ms="22500" started-at="2015-11-30T00:21:36Z" finished-at="2015-11-30T00:21:59Z">
          <reporter-output>
            <line>
              <![CDATA[Application is loaded]]>
            </line>
            <line>
              <![CDATA[User is logged in successfully]]>
            </line>
          </reporter-output>
        </test-method> <!-- precondition -->
        <test-method status="FAIL" signature="test_HomePage_VerifyManagersID()[pri:2, instance:Guru99Pack.Test_HomePage@1cfd41a]" name="test_HomePage_VerifyManagersID" duration-ms="937" started-at="2015-11-30T00:21:59Z" finished-at="2015-11-30T00:22:00Z">
          <exception class="java.lang.AssertionError">
            <message>
              <![CDATA[expected [true] but found [false]]]>
            </message>
            <full-stacktrace>
              <![CDATA[java.lang.AssertionError: expected [true] but found [false]
	at org.testng.Assert.fail(Assert.java:94)
	at org.testng.Assert.failNotEquals(Assert.java:496)
	at org.testng.Assert.assertTrue(Assert.java:42)
	at org.testng.Assert.assertTrue(Assert.java:52)
	at Guru99Pack.Test_HomePage.test_HomePage_VerifyManagersID(Test_HomePage.java:26)
	at sun.reflect.NativeMethodAccessorImpl.invoke0(Native Method)
	at sun.reflect.NativeMethodAccessorImpl.invoke(Unknown Source)
	at sun.reflect.DelegatingMethodAccessorImpl.invoke(Unknown Source)
	at java.lang.reflect.Method.invoke(Unknown Source)
	at org.testng.internal.MethodInvocationHelper.invokeMethod(MethodInvocationHelper.java:85)
	at org.testng.internal.Invoker.invokeMethod(Invoker.java:639)
	at org.testng.internal.Invoker.invokeTestMethod(Invoker.java:816)
	at org.testng.internal.Invoker.invokeTestMethods(Invoker.java:1124)
	at org.testng.internal.TestMethodWorker.invokeTestMethods(TestMethodWorker.java:125)
	at org.testng.internal.TestMethodWorker.run(TestMethodWorker.java:108)
	at org.testng.TestRunner.privateRun(TestRunner.java:774)
	at org.testng.TestRunner.run(TestRunner.java:624)
	at org.testng.SuiteRunner.runTest(SuiteRunner.java:359)
	at org.testng.SuiteRunner.runSequentially(SuiteRunner.java:354)
	at org.testng.SuiteRunner.privateRun(SuiteRunner.java:312)
	at org.testng.SuiteRunner.run(SuiteRunner.java:261)
	at org.testng.SuiteRunnerWorker.runSuite(SuiteRunnerWorker.java:52)
	at org.testng.SuiteRunnerWorker.run(SuiteRunnerWorker.java:86)
	at org.testng.TestNG.runSuitesSequentially(TestNG.java:1215)
	at org.testng.TestNG.runSuitesLocally(TestNG.java:1140)
	at org.testng.TestNG.run(TestNG.java:1048)
	at org.testng.remote.RemoteTestNG.run(RemoteTestNG.java:112)
	at org.testng.remote.RemoteTestNG.initAndRun(RemoteTestNG.java:205)
	at org.testng.remote.RemoteTestNG.main(RemoteTestNG.java:176)
]]>
            </full-stacktrace>
          </exception> <!-- java.lang.AssertionError -->
          <reporter-output>
          </reporter-output>
        </test-method> <!-- test_HomePage_VerifyManagersID -->
        <test-method status="PASS" signature="postcondition()[pri:0, instance:Guru99Pack.Test_HomePage@1cfd41a]" name="postcondition" is-config="true" duration-ms="906" started-at="2015-11-30T00:22:00Z" finished-at="2015-11-30T00:22:01Z">
          <reporter-output>
            <line>
              <![CDATA[Application is logged out]]>
            </line>
          </reporter-output>
        </test-method> <!-- postcondition -->
        <test-method status="PASS" signature="precondition()[pri:0, instance:Guru99Pack.Test_HomePage@1cfd41a]" name="precondition" is-config="true" duration-ms="22953" started-at="2015-11-30T00:22:01Z" finished-at="2015-11-30T00:22:24Z">
          <reporter-output>
            <line>
              <![CDATA[Application is loaded]]>
            </line>
            <line>
              <![CDATA[User is logged in successfully]]>
            </line>
          </reporter-output>
        </test-method> <!-- precondition -->
        <test-method status="FAIL" signature="test_ClickingsidebarMenu()[pri:3, instance:Guru99Pack.Test_HomePage@1cfd41a]" name="test_ClickingsidebarMenu" duration-ms="25375" started-at="2015-11-30T00:22:24Z" finished-at="2015-11-30T00:22:49Z">
          <exception class="java.lang.AssertionError">
            <message>
              <![CDATA[expected [true] but found [false]]]>
            </message>
            <full-stacktrace>
              <![CDATA[java.lang.AssertionError: expected [true] but found [false]
	at org.testng.Assert.fail(Assert.java:94)
	at org.testng.Assert.failNotEquals(Assert.java:496)
	at org.testng.Assert.assertTrue(Assert.java:42)
	at org.testng.Assert.assertTrue(Assert.java:52)
	at Guru99Pack.CommonFeaturesClass_TestCases.test_click_Logout(CommonFeaturesClass_TestCases.java:165)
	at Guru99Pack.Test_HomePage.test_ClickingsidebarMenu(Test_HomePage.java:75)
	at sun.reflect.NativeMethodAccessorImpl.invoke0(Native Method)
	at sun.reflect.NativeMethodAccessorImpl.invoke(Unknown Source)
	at sun.reflect.DelegatingMethodAccessorImpl.invoke(Unknown Source)
	at java.lang.reflect.Method.invoke(Unknown Source)
	at org.testng.internal.MethodInvocationHelper.invokeMethod(MethodInvocationHelper.java:85)
	at org.testng.internal.Invoker.invokeMethod(Invoker.java:639)
	at org.testng.internal.Invoker.invokeTestMethod(Invoker.java:816)
	at org.testng.internal.Invoker.invokeTestMethods(Invoker.java:1124)
	at org.testng.internal.TestMethodWorker.invokeTestMethods(TestMethodWorker.java:125)
	at org.testng.internal.TestMethodWorker.run(TestMethodWorker.java:108)
	at org.testng.TestRunner.privateRun(TestRunner.java:774)
	at org.testng.TestRunner.run(TestRunner.java:624)
	at org.testng.SuiteRunner.runTest(SuiteRunner.java:359)
	at org.testng.SuiteRunner.runSequentially(SuiteRunner.java:354)
	at org.testng.SuiteRunner.privateRun(SuiteRunner.java:312)
	at org.testng.SuiteRunner.run(SuiteRunner.java:261)
	at org.testng.SuiteRunnerWorker.runSuite(SuiteRunnerWorker.java:52)
	at org.testng.SuiteRunnerWorker.run(SuiteRunnerWorker.java:86)
	at org.testng.TestNG.runSuitesSequentially(TestNG.java:1215)
	at org.testng.TestNG.runSuitesLocally(TestNG.java:1140)
	at org.testng.TestNG.run(TestNG.java:1048)
	at org.testng.remote.RemoteTestNG.run(RemoteTestNG.java:112)
	at org.testng.remote.RemoteTestNG.initAndRun(RemoteTestNG.java:205)
	at org.testng.remote.RemoteTestNG.main(RemoteTestNG.java:176)
]]>
            </full-stacktrace>
          </exception> <!-- java.lang.AssertionError -->
          <reporter-output>
            <line>
              <![CDATA[User is navigated to New Customer Page successfully]]>
            </line>
            <line>
              <![CDATA[User is navigated to Edit Customer Page successfully]]>
            </line>
            <line>
              <![CDATA[User is navigated to Delete Customer Page successfully]]>
            </line>
            <line>
              <![CDATA[User is navigated to New Account Page successfully]]>
            </line>
            <line>
              <![CDATA[User is navigated to Edit Account Page successfully]]>
            </line>
            <line>
              <![CDATA[User is navigated to Delete Account Page successfully]]>
            </line>
            <line>
              <![CDATA[User is navigated to Deposit Page successfully]]>
            </line>
            <line>
              <![CDATA[User is navigated to Withdrawal Page successfully]]>
            </line>
            <line>
              <![CDATA[User is navigated to Fund Transfer Page successfully]]>
            </line>
            <line>
              <![CDATA[User is navigated to Change password Page successfully]]>
            </line>
            <line>
              <![CDATA[User is navigated Balance Enqiry Page successfully]]>
            </line>
            <line>
              <![CDATA[User is navigated to Mini Statement Page successfully]]>
            </line>
            <line>
              <![CDATA[User is navigated to Customised Statement Page successfully]]>
            </line>
          </reporter-output>
        </test-method> <!-- test_ClickingsidebarMenu -->
        <test-method status="PASS" signature="postcondition()[pri:0, instance:Guru99Pack.Test_HomePage@1cfd41a]" name="postcondition" is-config="true" duration-ms="1000" started-at="2015-11-30T00:22:49Z" finished-at="2015-11-30T00:22:50Z">
          <reporter-output>
            <line>
              <![CDATA[Application is logged out]]>
            </line>
          </reporter-output>
        </test-method> <!-- postcondition -->
      </class> <!-- Guru99Pack.Test_HomePage -->
      <class name="Guru99Pack.Test_LoginPage">
        <test-method status="PASS" signature="precondition()[pri:0, instance:Guru99Pack.Test_LoginPage@16e1dd8]" name="precondition" is-config="true" duration-ms="26844" started-at="2015-11-30T00:20:44Z" finished-at="2015-11-30T00:21:11Z">
          <reporter-output>
            <line>
              <![CDATA[Application is loaded]]>
            </line>
            <line>
              <![CDATA[User is logged in successfully]]>
            </line>
          </reporter-output>
        </test-method> <!-- precondition -->
        <test-method status="PASS" signature="test_LoginPage_VerifyLogin()[pri:0, instance:Guru99Pack.Test_LoginPage@16e1dd8]" name="test_LoginPage_VerifyLogin" duration-ms="1266" started-at="2015-11-30T00:21:11Z" finished-at="2015-11-30T00:21:12Z">
          <reporter-output>
            <line>
              <![CDATA[Title of login page is:guru99 bank]]>
            </line>
            <line>
              <![CDATA[User is logged in successfully and the login page is also verified]]>
            </line>
          </reporter-output>
        </test-method> <!-- test_LoginPage_VerifyLogin -->
        <test-method status="PASS" signature="postcondition()[pri:0, instance:Guru99Pack.Test_LoginPage@16e1dd8]" name="postcondition" is-config="true" duration-ms="1187" started-at="2015-11-30T00:21:12Z" finished-at="2015-11-30T00:21:13Z">
          <reporter-output>
            <line>
              <![CDATA[Application is logged out]]>
            </line>
          </reporter-output>
        </test-method> <!-- postcondition -->
      </class> <!-- Guru99Pack.Test_LoginPage -->
    </test> <!-- Test -->
  </suite> <!-- Suite -->
</testng-results>
